<?xml version="1.0" encoding="UTF-8"?>
<!-- Generated by org.testng.reporters.JUnitReportReporter -->
<testsuite hostname="LIN-PG02LVKM" failures="0" tests="2" name="testcases.TC_003_CreateLead" time="72.603" errors="0" timestamp="2025-09-09T11:57:39 IST" skipped="0">
  <testcase classname="testcases.TC_003_CreateLead" name="cretaelead" time="24.862"/>
  <testcase classname="testcases.TC_003_CreateLead" name="cretaelead" time="47.741"/>
</testsuite> <!-- testcases.TC_003_CreateLead -->
