<?xml version="1.0" encoding="UTF-8"?>
<!-- Generated by org.testng.reporters.JUnitReportReporter -->
<testsuite hostname="LIN-PG02LVKM" failures="0" tests="2" name="testcases.TC_001_LoginPage" time="47.610" errors="0" timestamp="2025-09-09T11:57:39 IST" skipped="0">
  <testcase classname="testcases.TC_001_LoginPage" name="logipage" time="22.901"/>
  <testcase classname="testcases.TC_001_LoginPage" name="logipage" time="24.709"/>
</testsuite> <!-- testcases.TC_001_LoginPage -->
